#
# There is insufficient memory for the Java Runtime Environment to continue.
# Native memory allocation (mmap) failed to map 2097152 bytes. Error detail: G1 virtual space
# Possible reasons:
#   The system is out of physical RAM or swap space
#   This process is running with CompressedOops enabled, and the Java Heap may be blocking the growth of the native heap
# Possible solutions:
#   Reduce memory load on the system
#   Increase physical memory or swap space
#   Check if swap backing store is full
#   Decrease Java heap size (-Xmx/-Xms)
#   Decrease number of Java threads
#   Decrease Java thread stack sizes (-Xss)
#   Set larger code cache with -XX:ReservedCodeCacheSize=
#   JVM is running with Unscaled Compressed Oops mode in which the Java heap is
#     placed in the first 4GB address space. The Java Heap base address is the
#     maximum limit for the native heap growth. Please use -XX:HeapBaseMinAddress
#     to set the Java Heap base and to place the Java Heap above 4GB virtual address.
# This output file may be truncated or incomplete.
#
#  Out of Memory Error (os_windows.cpp:3828), pid=1116, tid=8556
#
# JRE version:  (21.0.5) (build )
# Java VM: OpenJDK 64-Bit Server VM (21.0.5+-12932927-b750.29, mixed mode, sharing, tiered, compressed oops, compressed class ptrs, g1 gc, windows-amd64)
# No core dump will be written. Minidumps are not enabled by default on client versions of Windows
#

---------------  S U M M A R Y ------------

Command Line: org.jetbrains.kotlin.cli.jvm.K2JVMCompiler @C:\Users\ashra\AndroidStudioProjects\ScreenTimeController2\app\build\20250224_1632370648594126393.compiler.options

Host: Intel(R) Core(TM) i3-2105 CPU @ 3.10GHz, 4 cores, 7G,  Windows 10 , 64 bit Build 19041 (10.0.19041.2913)
Time: Mon Feb 24 17:18:52 2025 India Standard Time elapsed time: 0.051821 seconds (0d 0h 0m 0s)

---------------  T H R E A D  ---------------

Current thread (0x000002132d3fae40):  JavaThread "Unknown thread" [_thread_in_vm, id=8556, stack(0x0000003b9fa00000,0x0000003b9fb00000) (1024K)]

Stack: [0x0000003b9fa00000,0x0000003b9fb00000]
Native frames: (J=compiled Java code, j=interpreted, Vv=VM code, C=native code)
V  [jvm.dll+0x6cfb29]
V  [jvm.dll+0x85ded3]
V  [jvm.dll+0x86042e]
V  [jvm.dll+0x860b13]
V  [jvm.dll+0x27e6b6]
V  [jvm.dll+0x6cc385]
V  [jvm.dll+0x6c078a]
V  [jvm.dll+0x35525b]
V  [jvm.dll+0x35ceb6]
V  [jvm.dll+0x3aedeb]
V  [jvm.dll+0x3af0a8]
V  [jvm.dll+0x32792c]
V  [jvm.dll+0x32861b]
V  [jvm.dll+0x825919]
V  [jvm.dll+0x3bbfa8]
V  [jvm.dll+0x80ec88]
V  [jvm.dll+0x45015e]
V  [jvm.dll+0x4518c1]
C  [jli.dll+0x52ab]
C  [ucrtbase.dll+0x21bb2]
C  [KERNEL32.DLL+0x17614]
C  [ntdll.dll+0x526a1]


---------------  P R O C E S S  ---------------

Threads class SMR info:
_java_thread_list=0x00007ffb3cd50808, length=0, elements={
}

Java Threads: ( => current thread )
Total: 0

Other Threads:
  0x000002132f5e7460 WorkerThread "GC Thread#0"                     [id=9932, stack(0x0000003b9fb00000,0x0000003b9fc00000) (1024K)]
  0x000002132f5f88d0 ConcurrentGCThread "G1 Main Marker"            [id=8892, stack(0x0000003b9fc00000,0x0000003b9fd00000) (1024K)]
  0x000002132f5f93d0 WorkerThread "G1 Conc#0"                       [id=6360, stack(0x0000003b9fd00000,0x0000003b9fe00000) (1024K)]

[error occurred during error reporting (printing all threads), id 0xc0000005, EXCEPTION_ACCESS_VIOLATION (0xc0000005) at pc=0x00007ffb3c54a967]
VM state: not at safepoint (not fully initialized)

VM Mutex/Monitor currently owned by a thread:  ([mutex/lock_event])
[0x00007ffb3cdbd460] Heap_lock - owner thread: 0x000002132d3fae40

Heap address: 0x0000000081c00000, size: 2020 MB, Compressed Oops mode: 32-bit

CDS archive(s) mapped at: [0x0000000000000000-0x0000000000000000-0x0000000000000000), size 0, SharedBaseAddress: 0x0000000800000000, ArchiveRelocationMode: 1.
Narrow klass base: 0x0000000000000000, Narrow klass shift: 0, Narrow klass range: 0x0

GC Precious Log:
 CardTable entry size: 512
 Card Set container configuration: InlinePtr #cards 5 size 8 Array Of Cards #cards 12 size 40 Howl #buckets 4 coarsen threshold 1843 Howl Bitmap #cards 512 size 80 coarsen threshold 460 Card regions per heap region 1 cards per card region 2048

Heap:
 garbage-first heap   total 0K, used 0K [0x0000000081c00000, 0x0000000100000000)
  region size 1024K, 0 young (0K), 0 survivors (0K)
 Metaspace       used 0K, committed 0K, reserved 0K
  class space    used 0K, committed 0K, reserved 0K

Heap Regions: E=young(eden), S=young(survivor), O=old, HS=humongous(starts), HC=humongous(continues), CS=collection set, F=free, TAMS=top-at-mark-start, PB=parsable bottom

Card table byte_map: [0x0000021341b00000,0x0000021341f00000] _byte_map_base: 0x00000213416f2000

Marking Bits: (CMBitMap*) 0x000002132f5e7b60
 Bits: [0x0000021341f00000, 0x0000021343e90000)

GC Heap History (0 events):
No events

Dll operation events (1 events):
Event: 0.010 Loaded shared library C:\Program Files\Android\Android Studio\jbr\bin\java.dll

Deoptimization events (0 events):
No events

Classes loaded (0 events):
No events

Classes unloaded (0 events):
No events

Classes redefined (0 events):
No events

Internal exceptions (0 events):
No events

ZGC Phase Switch (0 events):
No events

VM Operations (0 events):
No events

Memory protections (0 events):
No events

Nmethod flushes (0 events):
No events

Events (0 events):
No events


Dynamic libraries:
0x00007ff684d30000 - 0x00007ff684d3a000 	C:\Program Files\Android\Android Studio\jbr\bin\java.exe
0x00007ffb60750000 - 0x00007ffb60948000 	C:\WINDOWS\SYSTEM32\ntdll.dll
0x00007ffb5ee00000 - 0x00007ffb5eebf000 	C:\WINDOWS\System32\KERNEL32.DLL
0x00007ffb5df50000 - 0x00007ffb5e246000 	C:\WINDOWS\System32\KERNELBASE.dll
0x00007ffb5e310000 - 0x00007ffb5e410000 	C:\WINDOWS\System32\ucrtbase.dll
0x00007ffb59820000 - 0x00007ffb59838000 	C:\Program Files\Android\Android Studio\jbr\bin\jli.dll
0x00007ffb5fad0000 - 0x00007ffb5fc6d000 	C:\WINDOWS\System32\USER32.dll
0x00007ffb5e6c0000 - 0x00007ffb5e6e2000 	C:\WINDOWS\System32\win32u.dll
0x00007ffb5f2c0000 - 0x00007ffb5f2ec000 	C:\WINDOWS\System32\GDI32.dll
0x00007ffb5de30000 - 0x00007ffb5df45000 	C:\WINDOWS\System32\gdi32full.dll
0x00007ffb5e410000 - 0x00007ffb5e4ad000 	C:\WINDOWS\System32\msvcp_win.dll
0x00007ffb5b770000 - 0x00007ffb5b78b000 	C:\Program Files\Android\Android Studio\jbr\bin\VCRUNTIME140.dll
0x00007ffb47f70000 - 0x00007ffb4820a000 	C:\WINDOWS\WinSxS\amd64_microsoft.windows.common-controls_6595b64144ccf1df_6.0.19041.1110_none_60b5254171f9507e\COMCTL32.dll
0x00007ffb5f0c0000 - 0x00007ffb5f15e000 	C:\WINDOWS\System32\msvcrt.dll
0x00007ffb5f290000 - 0x00007ffb5f2c0000 	C:\WINDOWS\System32\IMM32.DLL
0x00007ffb5b760000 - 0x00007ffb5b76c000 	C:\Program Files\Android\Android Studio\jbr\bin\vcruntime140_1.dll
0x00007ffb4d070000 - 0x00007ffb4d0fd000 	C:\Program Files\Android\Android Studio\jbr\bin\msvcp140.dll
0x00007ffb3c210000 - 0x00007ffb3ce9a000 	C:\Program Files\Android\Android Studio\jbr\bin\server\jvm.dll
0x00007ffb5f1e0000 - 0x00007ffb5f28f000 	C:\WINDOWS\System32\ADVAPI32.dll
0x00007ffb5e8d0000 - 0x00007ffb5e96c000 	C:\WINDOWS\System32\sechost.dll
0x00007ffb5eed0000 - 0x00007ffb5eff6000 	C:\WINDOWS\System32\RPCRT4.dll
0x00007ffb5e7b0000 - 0x00007ffb5e81b000 	C:\WINDOWS\System32\WS2_32.dll
0x00007ffb5dca0000 - 0x00007ffb5dceb000 	C:\WINDOWS\SYSTEM32\POWRPROF.dll
0x00007ffb49d60000 - 0x00007ffb49d87000 	C:\WINDOWS\SYSTEM32\WINMM.dll
0x00007ffb56b90000 - 0x00007ffb56b9a000 	C:\WINDOWS\SYSTEM32\VERSION.dll
0x00007ffb5dc80000 - 0x00007ffb5dc92000 	C:\WINDOWS\SYSTEM32\UMPDC.dll
0x00007ffb5bc00000 - 0x00007ffb5bc12000 	C:\WINDOWS\SYSTEM32\kernel.appcore.dll
0x00007ffb58ae0000 - 0x00007ffb58aea000 	C:\Program Files\Android\Android Studio\jbr\bin\jimage.dll
0x00007ffb4abb0000 - 0x00007ffb4ad94000 	C:\WINDOWS\SYSTEM32\DBGHELP.DLL
0x00007ffb4ab70000 - 0x00007ffb4aba4000 	C:\WINDOWS\SYSTEM32\dbgcore.DLL
0x00007ffb5e280000 - 0x00007ffb5e302000 	C:\WINDOWS\System32\bcryptPrimitives.dll
0x00007ffb58ac0000 - 0x00007ffb58ae0000 	C:\Program Files\Android\Android Studio\jbr\bin\java.dll

dbghelp: loaded successfully - version: 4.0.5 - missing functions: none
symbol engine: initialized successfully - sym options: 0x614 - pdb path: .;C:\Program Files\Android\Android Studio\jbr\bin;C:\WINDOWS\SYSTEM32;C:\WINDOWS\WinSxS\amd64_microsoft.windows.common-controls_6595b64144ccf1df_6.0.19041.1110_none_60b5254171f9507e;C:\Program Files\Android\Android Studio\jbr\bin\server

VM Arguments:
java_command: org.jetbrains.kotlin.cli.jvm.K2JVMCompiler @C:\Users\ashra\AndroidStudioProjects\ScreenTimeController2\app\build\20250224_1632370648594126393.compiler.options
java_class_path (initial): C:\Users\ashra\.gradle\caches\modules-2\files-2.1\org.jetbrains.kotlin\kotlin-compiler-embeddable\2.0.0\1de310de3446414381282ffc46c3ed3919a4d1da\kotlin-compiler-embeddable-2.0.0.jar;C:\Users\ashra\.gradle\caches\modules-2\files-2.1\org.jetbrains.kotlin\kotlin-stdlib\2.0.0\b48df2c4aede9586cc931ead433bc02d6fd7879e\kotlin-stdlib-2.0.0.jar;C:\Users\ashra\.gradle\caches\modules-2\files-2.1\org.jetbrains.kotlin\kotlin-script-runtime\2.0.0\fdc27dd047d592fa41d2dfa21e7621287a361612\kotlin-script-runtime-2.0.0.jar;C:\Users\ashra\.gradle\caches\modules-2\files-2.1\org.jetbrains.kotlin\kotlin-reflect\1.6.10\1cbe9c92c12a94eea200d23c2bbaedaf3daf5132\kotlin-reflect-1.6.10.jar;C:\Users\ashra\.gradle\caches\modules-2\files-2.1\org.jetbrains.kotlin\kotlin-daemon-embeddable\2.0.0\b39c612768614c4428c96ee9c65477181fffe9d\kotlin-daemon-embeddable-2.0.0.jar;C:\Users\ashra\.gradle\caches\modules-2\files-2.1\org.jetbrains.intellij.deps\trove4j\1.0.20200330\3afb14d5f9ceb459d724e907a21145e8ff394f02\trove4j-1.0.20200330.jar;C:\Users\ashra\.gradle\caches\modules-2\files-2.1\org.jetbrains\annotations\13.0\919f0dfe192fb4e063e7dacadee7f8bb9a2672a9\annotations-13.0.jar
Launcher Type: SUN_STANDARD

[Global flags]
     intx CICompilerCount                          = 3                                         {product} {ergonomic}
     uint ConcGCThreads                            = 1                                         {product} {ergonomic}
     uint G1ConcRefinementThreads                  = 4                                         {product} {ergonomic}
   size_t G1HeapRegionSize                         = 1048576                                   {product} {ergonomic}
    uintx GCDrainStackTargetSize                   = 64                                        {product} {ergonomic}
   size_t InitialHeapSize                          = 134217728                                 {product} {ergonomic}
   size_t MarkStackSize                            = 4194304                                   {product} {ergonomic}
   size_t MaxHeapSize                              = 2118123520                                {product} {ergonomic}
   size_t MinHeapDeltaBytes                        = 1048576                                   {product} {ergonomic}
   size_t MinHeapSize                              = 8388608                                   {product} {ergonomic}
    uintx NonNMethodCodeHeapSize                   = 5832780                                {pd product} {ergonomic}
    uintx NonProfiledCodeHeapSize                  = 122912730                              {pd product} {ergonomic}
    uintx ProfiledCodeHeapSize                     = 122912730                              {pd product} {ergonomic}
    uintx ReservedCodeCacheSize                    = 251658240                              {pd product} {ergonomic}
     bool SegmentedCodeCache                       = true                                      {product} {ergonomic}
   size_t SoftMaxHeapSize                          = 2118123520                             {manageable} {ergonomic}
     bool UseCompressedOops                        = true                           {product lp64_product} {ergonomic}
     bool UseG1GC                                  = true                                      {product} {ergonomic}
     bool UseLargePagesIndividualAllocation        = false                                  {pd product} {ergonomic}

Logging:
Log output configuration:
 #0: stdout all=warning uptime,level,tags foldmultilines=false
 #1: stderr all=off uptime,level,tags foldmultilines=false

Environment Variables:
PATH=C:\Program Files (x86)\Common Files\Oracle\Java\java8path;C:\Program Files (x86)\Common Files\Oracle\Java\javapath;C:\WINDOWS\system32;C:\WINDOWS;C:\WINDOWS\System32\Wbem;C:\WINDOWS\System32\WindowsPowerShell\v1.0\;C:\WINDOWS\System32\OpenSSH\;C:\Users\ashra\AppData\Local\Microsoft\WindowsApps;
USERNAME=ashra
OS=Windows_NT
PROCESSOR_IDENTIFIER=Intel64 Family 6 Model 42 Stepping 7, GenuineIntel
TMP=C:\Users\ashra\AppData\Local\Temp
TEMP=C:\Users\ashra\AppData\Local\Temp




Periodic native trim disabled

JNI global refs:
JNI global refs: 0, weak refs: 0

JNI global refs memory usage: 0, weak refs: 0

Process memory usage:
Resident Set Size: 10548K (0% of 8271348K total physical memory with 272964K free physical memory)

OOME stack traces (most recent first):
Classloader memory used:

---------------  S Y S T E M  ---------------

OS:
 Windows 10 , 64 bit Build 19041 (10.0.19041.2913)
OS uptime: 0 days 1:12 hours

CPU: total 4 (initial active 4) (2 cores per cpu, 2 threads per core) family 6 model 42 stepping 7 microcode 0x2f, cx8, cmov, fxsr, ht, mmx, sse, sse2, sse3, ssse3, sse4.1, sse4.2, popcnt, tsc, tscinvbit, avx, clmul, vzeroupper, clflush, rdtscp
Processor Information for all 4 processors :
  Max Mhz: 3100, Current Mhz: 3100, Mhz Limit: 3100

Memory: 4k page, system-wide physical 8077M (266M free)
TotalPageFile size 10125M (AvailPageFile size 5M)
current process WorkingSet (physical memory assigned to process): 10M, peak: 10M
current process commit charge ("private bytes"): 180M, peak: 181M

vm_info: OpenJDK 64-Bit Server VM (21.0.5+-12932927-b750.29) for windows-amd64 JRE (21.0.5+-12932927-b750.29), built on 2025-01-17T02:01:10Z by "builder" with MS VC++ 16.10 / 16.11 (VS2019)

END.
