#
# There is insufficient memory for the Java Runtime Environment to continue.
# Native memory allocation (mmap) failed to map 8388608 bytes. Error detail: G1 virtual space
# Possible reasons:
#   The system is out of physical RAM or swap space
#   This process is running with CompressedOops enabled, and the Java Heap may be blocking the growth of the native heap
# Possible solutions:
#   Reduce memory load on the system
#   Increase physical memory or swap space
#   Check if swap backing store is full
#   Decrease Java heap size (-Xmx/-Xms)
#   Decrease number of Java threads
#   Decrease Java thread stack sizes (-Xss)
#   Set larger code cache with -XX:ReservedCodeCacheSize=
#   JVM is running with Unscaled Compressed Oops mode in which the Java heap is
#     placed in the first 4GB address space. The Java Heap base address is the
#     maximum limit for the native heap growth. Please use -XX:HeapBaseMinAddress
#     to set the Java Heap base and to place the Java Heap above 4GB virtual address.
# This output file may be truncated or incomplete.
#
#  Out of Memory Error (os_windows.cpp:3828), pid=2404, tid=8232
#
# JRE version:  (21.0.5) (build )
# Java VM: OpenJDK 64-Bit Server VM (21.0.5+-12932927-b750.29, mixed mode, sharing, tiered, compressed oops, compressed class ptrs, g1 gc, windows-amd64)
# No core dump will be written. Minidumps are not enabled by default on client versions of Windows
#

---------------  S U M M A R Y ------------

Command Line: -Dapplication.home=C:\Program Files\Android\Android Studio\jbr --add-modules=ALL-DEFAULT -Xms8m -Djdk.module.main=jdk.jlink jdk.jlink/jdk.tools.jlink.internal.Main --version

Host: Intel(R) Core(TM) i3-2105 CPU @ 3.10GHz, 4 cores, 7G,  Windows 10 , 64 bit Build 19041 (10.0.19041.2913)
Time: Sun May  4 18:57:12 2025 India Standard Time elapsed time: 0.877674 seconds (0d 0h 0m 0s)

---------------  T H R E A D  ---------------

Current thread (0x00000292cd005e50):  JavaThread "Unknown thread" [_thread_in_vm, id=8232, stack(0x000000ab04c00000,0x000000ab04d00000) (1024K)]

Stack: [0x000000ab04c00000,0x000000ab04d00000]
Native frames: (J=compiled Java code, j=interpreted, Vv=VM code, C=native code)
V  [jvm.dll+0x6cfb29]
V  [jvm.dll+0x85ded3]
V  [jvm.dll+0x86042e]
V  [jvm.dll+0x860b13]
V  [jvm.dll+0x27e6b6]
V  [jvm.dll+0x6cc385]
V  [jvm.dll+0x6c078a]
V  [jvm.dll+0x35525b]
V  [jvm.dll+0x35ceb6]
V  [jvm.dll+0x3aedd6]
V  [jvm.dll+0x3af0a8]
V  [jvm.dll+0x32792c]
V  [jvm.dll+0x32861b]
V  [jvm.dll+0x825919]
V  [jvm.dll+0x3bbfa8]
V  [jvm.dll+0x80ec88]
V  [jvm.dll+0x45015e]
V  [jvm.dll+0x4518c1]
C  [jli.dll+0x52ab]
C  [ucrtbase.dll+0x21bb2]
C  [KERNEL32.DLL+0x17614]
C  [ntdll.dll+0x526a1]


---------------  P R O C E S S  ---------------

Threads class SMR info:
_java_thread_list=0x00007ffbd38b0808, length=0, elements={
}

Java Threads: ( => current thread )
Total: 0

Other Threads:
  0x00000292cd228430 WorkerThread "GC Thread#0"                     [id=5324, stack(0x000000ab04d00000,0x000000ab04e00000) (1024K)]
  0x00000292cd2398b0 ConcurrentGCThread "G1 Main Marker"            [id=5132, stack(0x000000ab04e00000,0x000000ab04f00000) (1024K)]
  0x00000292cd23a2c0 WorkerThread "G1 Conc#0"                       [id=10148, stack(0x000000ab04f00000,0x000000ab05000000) (1024K)]

[error occurred during error reporting (printing all threads), id 0xc0000005, EXCEPTION_ACCESS_VIOLATION (0xc0000005) at pc=0x00007ffbd30aa967]
VM state: not at safepoint (not fully initialized)

VM Mutex/Monitor currently owned by a thread:  ([mutex/lock_event])
[0x00007ffbd391d460] Heap_lock - owner thread: 0x00000292cd005e50

Heap address: 0x0000000081c00000, size: 2020 MB, Compressed Oops mode: 32-bit

CDS archive(s) mapped at: [0x0000000000000000-0x0000000000000000-0x0000000000000000), size 0, SharedBaseAddress: 0x0000000800000000, ArchiveRelocationMode: 1.
Narrow klass base: 0x0000000000000000, Narrow klass shift: 0, Narrow klass range: 0x0

GC Precious Log:
 CardTable entry size: 512
 Card Set container configuration: InlinePtr #cards 5 size 8 Array Of Cards #cards 12 size 40 Howl #buckets 4 coarsen threshold 1843 Howl Bitmap #cards 512 size 80 coarsen threshold 460 Card regions per heap region 1 cards per card region 2048

Heap:
 garbage-first heap   total 0K, used 0K [0x0000000081c00000, 0x0000000100000000)
  region size 1024K, 0 young (0K), 0 survivors (0K)
 Metaspace       used 0K, committed 0K, reserved 0K
  class space    used 0K, committed 0K, reserved 0K

Heap Regions: E=young(eden), S=young(survivor), O=old, HS=humongous(starts), HC=humongous(continues), CS=collection set, F=free, TAMS=top-at-mark-start, PB=parsable bottom

Card table byte_map: [0x00000292e1510000,0x00000292e1910000] _byte_map_base: 0x00000292e1102000

Marking Bits: (CMBitMap*) 0x00000292cd228a40
 Bits: [0x00000292e1910000, 0x00000292e38a0000)

GC Heap History (0 events):
No events

Dll operation events (1 events):
Event: 0.669 Loaded shared library C:\Program Files\Android\Android Studio\jbr\bin\java.dll

Deoptimization events (0 events):
No events

Classes loaded (0 events):
No events

Classes unloaded (0 events):
No events

Classes redefined (0 events):
No events

Internal exceptions (0 events):
No events

ZGC Phase Switch (0 events):
No events

VM Operations (0 events):
No events

Memory protections (0 events):
No events

Nmethod flushes (0 events):
No events

Events (0 events):
No events


Dynamic libraries:
0x00007ff607f10000 - 0x00007ff607f18000 	C:\Program Files\Android\Android Studio\jbr\bin\jlink.exe
0x00007ffc0ba70000 - 0x00007ffc0bc68000 	C:\WINDOWS\SYSTEM32\ntdll.dll
0x00007ffc0b130000 - 0x00007ffc0b1ef000 	C:\WINDOWS\System32\KERNEL32.DLL
0x00007ffc093d0000 - 0x00007ffc096c6000 	C:\WINDOWS\System32\KERNELBASE.dll
0x00007ffc09880000 - 0x00007ffc09980000 	C:\WINDOWS\System32\ucrtbase.dll
0x00007ffbfeb40000 - 0x00007ffbfeb58000 	C:\Program Files\Android\Android Studio\jbr\bin\jli.dll
0x00007ffc0ad60000 - 0x00007ffc0aefd000 	C:\WINDOWS\System32\USER32.dll
0x00007ffc09980000 - 0x00007ffc099a2000 	C:\WINDOWS\System32\win32u.dll
0x00007ffbfddc0000 - 0x00007ffbfe05a000 	C:\WINDOWS\WinSxS\amd64_microsoft.windows.common-controls_6595b64144ccf1df_6.0.19041.1110_none_60b5254171f9507e\COMCTL32.dll
0x00007ffc0aaf0000 - 0x00007ffc0ab1c000 	C:\WINDOWS\System32\GDI32.dll
0x00007ffc0b020000 - 0x00007ffc0b0be000 	C:\WINDOWS\System32\msvcrt.dll
0x00007ffc092b0000 - 0x00007ffc093c5000 	C:\WINDOWS\System32\gdi32full.dll
0x00007ffc09210000 - 0x00007ffc092ad000 	C:\WINDOWS\System32\msvcp_win.dll
0x00007ffbfea80000 - 0x00007ffbfea9b000 	C:\Program Files\Android\Android Studio\jbr\bin\VCRUNTIME140.dll
0x00007ffc0aa60000 - 0x00007ffc0aa90000 	C:\WINDOWS\System32\IMM32.DLL
0x00007ffc04f00000 - 0x00007ffc04f0c000 	C:\Program Files\Android\Android Studio\jbr\bin\vcruntime140_1.dll
0x00007ffbe3320000 - 0x00007ffbe33ad000 	C:\Program Files\Android\Android Studio\jbr\bin\msvcp140.dll
0x00007ffbd2d70000 - 0x00007ffbd39fa000 	C:\Program Files\Android\Android Studio\jbr\bin\server\jvm.dll
0x00007ffc09c00000 - 0x00007ffc09caf000 	C:\WINDOWS\System32\ADVAPI32.dll
0x00007ffc0a9c0000 - 0x00007ffc0aa5c000 	C:\WINDOWS\System32\sechost.dll
0x00007ffc09ad0000 - 0x00007ffc09bf6000 	C:\WINDOWS\System32\RPCRT4.dll
0x00007ffc0ac10000 - 0x00007ffc0ac7b000 	C:\WINDOWS\System32\WS2_32.dll
0x00007ffc08f10000 - 0x00007ffc08f5b000 	C:\WINDOWS\SYSTEM32\POWRPROF.dll
0x00007ffc02830000 - 0x00007ffc02857000 	C:\WINDOWS\SYSTEM32\WINMM.dll
0x00007ffbfb630000 - 0x00007ffbfb63a000 	C:\WINDOWS\SYSTEM32\VERSION.dll
0x00007ffc08ef0000 - 0x00007ffc08f02000 	C:\WINDOWS\SYSTEM32\UMPDC.dll
0x00007ffc06f20000 - 0x00007ffc06f32000 	C:\WINDOWS\SYSTEM32\kernel.appcore.dll
0x00007ffc041f0000 - 0x00007ffc041fa000 	C:\Program Files\Android\Android Studio\jbr\bin\jimage.dll
0x00007ffbef630000 - 0x00007ffbef814000 	C:\WINDOWS\SYSTEM32\DBGHELP.DLL
0x00007ffbef5f0000 - 0x00007ffbef624000 	C:\WINDOWS\SYSTEM32\dbgcore.DLL
0x00007ffc09180000 - 0x00007ffc09202000 	C:\WINDOWS\System32\bcryptPrimitives.dll
0x00007ffbfd880000 - 0x00007ffbfd8a0000 	C:\Program Files\Android\Android Studio\jbr\bin\java.dll

dbghelp: loaded successfully - version: 4.0.5 - missing functions: none
symbol engine: initialized successfully - sym options: 0x614 - pdb path: .;C:\Program Files\Android\Android Studio\jbr\bin;C:\WINDOWS\SYSTEM32;C:\WINDOWS\WinSxS\amd64_microsoft.windows.common-controls_6595b64144ccf1df_6.0.19041.1110_none_60b5254171f9507e;C:\Program Files\Android\Android Studio\jbr\bin\server

VM Arguments:
jvm_args: -Dapplication.home=C:\Program Files\Android\Android Studio\jbr --add-modules=ALL-DEFAULT -Xms8m -Djdk.module.main=jdk.jlink 
java_command: jdk.jlink/jdk.tools.jlink.internal.Main --version
java_class_path (initial): <not set>
Launcher Type: SUN_STANDARD

[Global flags]
     intx CICompilerCount                          = 3                                         {product} {ergonomic}
     uint ConcGCThreads                            = 1                                         {product} {ergonomic}
     uint G1ConcRefinementThreads                  = 4                                         {product} {ergonomic}
   size_t G1HeapRegionSize                         = 1048576                                   {product} {ergonomic}
    uintx GCDrainStackTargetSize                   = 64                                        {product} {ergonomic}
   size_t InitialHeapSize                          = 8388608                                   {product} {command line}
   size_t MarkStackSize                            = 4194304                                   {product} {ergonomic}
   size_t MaxHeapSize                              = 2118123520                                {product} {ergonomic}
   size_t MinHeapDeltaBytes                        = 1048576                                   {product} {ergonomic}
   size_t MinHeapSize                              = 8388608                                   {product} {command line}
    uintx NonNMethodCodeHeapSize                   = 5832780                                {pd product} {ergonomic}
    uintx NonProfiledCodeHeapSize                  = 122912730                              {pd product} {ergonomic}
    uintx ProfiledCodeHeapSize                     = 122912730                              {pd product} {ergonomic}
    uintx ReservedCodeCacheSize                    = 251658240                              {pd product} {ergonomic}
     bool SegmentedCodeCache                       = true                                      {product} {ergonomic}
   size_t SoftMaxHeapSize                          = 2118123520                             {manageable} {ergonomic}
     bool UseCompressedOops                        = true                           {product lp64_product} {ergonomic}
     bool UseG1GC                                  = true                                      {product} {ergonomic}
     bool UseLargePagesIndividualAllocation        = false                                  {pd product} {ergonomic}

Logging:
Log output configuration:
 #0: stdout all=warning uptime,level,tags foldmultilines=false
 #1: stderr all=off uptime,level,tags foldmultilines=false

Environment Variables:
PATH=C:\Program Files (x86)\Common Files\Oracle\Java\java8path;C:\Program Files (x86)\Common Files\Oracle\Java\javapath;C:\WINDOWS\system32;C:\WINDOWS;C:\WINDOWS\System32\Wbem;C:\WINDOWS\System32\WindowsPowerShell\v1.0\;C:\WINDOWS\System32\OpenSSH\;C:\Program Files\dotnet\;C:\Users\ashra\AppData\Local\Microsoft\WindowsApps;
USERNAME=ashra
OS=Windows_NT
PROCESSOR_IDENTIFIER=Intel64 Family 6 Model 42 Stepping 7, GenuineIntel
TMP=C:\Users\ashra\AppData\Local\Temp
TEMP=C:\Users\ashra\AppData\Local\Temp




Periodic native trim disabled

JNI global refs:
JNI global refs: 0, weak refs: 0

JNI global refs memory usage: 0, weak refs: 0

Process memory usage:
Resident Set Size: 10508K (0% of 8271348K total physical memory with 487360K free physical memory)

OOME stack traces (most recent first):
Classloader memory used:

---------------  S Y S T E M  ---------------

OS:
 Windows 10 , 64 bit Build 19041 (10.0.19041.2913)
OS uptime: 2 days 6:34 hours

CPU: total 4 (initial active 4) (2 cores per cpu, 2 threads per core) family 6 model 42 stepping 7 microcode 0x2f, cx8, cmov, fxsr, ht, mmx, sse, sse2, sse3, ssse3, sse4.1, sse4.2, popcnt, tsc, tscinvbit, avx, clmul, vzeroupper, clflush, rdtscp
Processor Information for all 4 processors :
  Max Mhz: 3100, Current Mhz: 1600, Mhz Limit: 3100

Memory: 4k page, system-wide physical 8077M (475M free)
TotalPageFile size 10121M (AvailPageFile size 50M)
current process WorkingSet (physical memory assigned to process): 10M, peak: 10M
current process commit charge ("private bytes"): 51M, peak: 59M

vm_info: OpenJDK 64-Bit Server VM (21.0.5+-12932927-b750.29) for windows-amd64 JRE (21.0.5+-12932927-b750.29), built on 2025-01-17T02:01:10Z by "builder" with MS VC++ 16.10 / 16.11 (VS2019)

END.
